<?xml version="1.0" encoding="UTF-8"?>
<!-- Generated by org.testng.reporters.JUnitReportReporter -->
<testsuite skipped="0" hostname="Ronnie-PC" name="Test_Cases.Android" tests="1" failures="0" timestamp="10 Dec 2017 01:43:15 GMT" time="0.008" errors="0">
  <testcase name="Web_Application" time="0.008" classname="Test_Cases.Android"/>
</testsuite> <!-- Test_Cases.Android -->
